# JRE version: OpenJDK Runtime Environment (8.0_161-b14) (build 1.8.0_161-b14)
# Java VM: OpenJDK 64-Bit Server VM (25.161-b14 mixed mode linux-amd64 compressed oops)
Heap:
 PSYoungGen      total 189440K, used 11753K [0x00000000e1d80000, 0x00000000ee200000, 0x0000000100000000)
  eden space 177664K, 0% used [0x00000000e1d80000,0x00000000e1d80000,0x00000000ecb00000)
  from space 11776K, 99% used [0x00000000ecb00000,0x00000000ed67a460,0x00000000ed680000)
  to   space 10240K, 0% used [0x00000000ed800000,0x00000000ed800000,0x00000000ee200000)
 ParOldGen       total 48640K, used 23430K [0x00000000a5800000, 0x00000000a8780000, 0x00000000e1d80000)
  object space 48640K, 48% used [0x00000000a5800000,0x00000000a6ee1a10,0x00000000a8780000)
 Metaspace       used 58348K, capacity 58830K, committed 59048K, reserved 1097728K
  class space    used 9664K, capacity 9798K, committed 9896K, reserved 1048576K
GC Heap History (10 events):
Event: 4.116 GC heap after
Heap after GC invocations=6 (full 1):
 PSYoungGen      total 51712K, used 0K [0x00000000e1d80000, 0x00000000e8980000, 0x0000000100000000)
  eden space 48128K, 0% used [0x00000000e1d80000,0x00000000e1d80000,0x00000000e4c80000)
  from space 3584K, 0% used [0x00000000e4c80000,0x00000000e4c80000,0x00000000e5000000)
  to   space 7168K, 0% used [0x00000000e8280000,0x00000000e8280000,0x00000000e8980000)
 ParOldGen       total 36352K, used 7398K [0x00000000a5800000, 0x00000000a7b80000, 0x00000000e1d80000)
  object space 36352K, 20% used [0x00000000a5800000,0x00000000a5f398b0,0x00000000a7b80000)
 Metaspace       used 20880K, capacity 21168K, committed 21296K, reserved 1067008K
  class space    used 2812K, capacity 2932K, committed 2944K, reserved 1048576K
}
Event: 4.774 GC heap before
{Heap before GC invocations=7 (full 1):
 PSYoungGen      total 51712K, used 48128K [0x00000000e1d80000, 0x00000000e8980000, 0x0000000100000000)
  eden space 48128K, 100% used [0x00000000e1d80000,0x00000000e4c80000,0x00000000e4c80000)
  from space 3584K, 0% used [0x00000000e4c80000,0x00000000e4c80000,0x00000000e5000000)
  to   space 7168K, 0% used [0x00000000e8280000,0x00000000e8280000,0x00000000e8980000)
 ParOldGen       total 36352K, used 7398K [0x00000000a5800000, 0x00000000a7b80000, 0x00000000e1d80000)
  object space 36352K, 20% used [0x00000000a5800000,0x00000000a5f398b0,0x00000000a7b80000)
 Metaspace       used 26347K, capacity 26640K, committed 27008K, reserved 1073152K
  class space    used 3750K, capacity 3860K, committed 3968K, reserved 1048576K
Event: 4.788 GC heap after
Heap after GC invocations=7 (full 1):
 PSYoungGen      total 100352K, used 6491K [0x00000000e1d80000, 0x00000000e8900000, 0x0000000100000000)
  eden space 93696K, 0% used [0x00000000e1d80000,0x00000000e1d80000,0x00000000e7900000)
  from space 6656K, 97% used [0x00000000e8280000,0x00000000e88d6e78,0x00000000e8900000)
  to   space 7680K, 0% used [0x00000000e7a00000,0x00000000e7a00000,0x00000000e8180000)
 ParOldGen       total 36352K, used 7398K [0x00000000a5800000, 0x00000000a7b80000, 0x00000000e1d80000)
  object space 36352K, 20% used [0x00000000a5800000,0x00000000a5f398b0,0x00000000a7b80000)
 Metaspace       used 26347K, capacity 26640K, committed 27008K, reserved 1073152K
  class space    used 3750K, capacity 3860K, committed 3968K, reserved 1048576K
}
Event: 7.622 GC heap before
{Heap before GC invocations=8 (full 1):
 PSYoungGen      total 100352K, used 89263K [0x00000000e1d80000, 0x00000000e8900000, 0x0000000100000000)
  eden space 93696K, 88% used [0x00000000e1d80000,0x00000000e6e55170,0x00000000e7900000)
  from space 6656K, 97% used [0x00000000e8280000,0x00000000e88d6e78,0x00000000e8900000)
  to   space 7680K, 0% used [0x00000000e7a00000,0x00000000e7a00000,0x00000000e8180000)
 ParOldGen       total 36352K, used 7398K [0x00000000a5800000, 0x00000000a7b80000, 0x00000000e1d80000)
  object space 36352K, 20% used [0x00000000a5800000,0x00000000a5f398b0,0x00000000a7b80000)
 Metaspace       used 35007K, capacity 35304K, committed 35496K, reserved 1079296K
  class space    used 5177K, capacity 5272K, committed 5288K, reserved 1048576K
Event: 7.660 GC heap after
Heap after GC invocations=8 (full 1):
 PSYoungGen      total 102400K, used 7667K [0x00000000e1d80000, 0x00000000ee200000, 0x0000000100000000)
  eden space 94720K, 0% used [0x00000000e1d80000,0x00000000e1d80000,0x00000000e7a00000)
  from space 7680K, 99% used [0x00000000e7a00000,0x00000000e817cde0,0x00000000e8180000)
  to   space 10240K, 0% used [0x00000000ed800000,0x00000000ed800000,0x00000000ee200000)
 ParOldGen       total 36352K, used 10990K [0x00000000a5800000, 0x00000000a7b80000, 0x00000000e1d80000)
  object space 36352K, 30% used [0x00000000a5800000,0x00000000a62bba10,0x00000000a7b80000)
 Metaspace       used 35007K, capacity 35304K, committed 35496K, reserved 1079296K
  class space    used 5177K, capacity 5272K, committed 5288K, reserved 1048576K
}
Event: 7.660 GC heap before
{Heap before GC invocations=9 (full 2):
 PSYoungGen      total 102400K, used 7667K [0x00000000e1d80000, 0x00000000ee200000, 0x0000000100000000)
  eden space 94720K, 0% used [0x00000000e1d80000,0x00000000e1d80000,0x00000000e7a00000)
  from space 7680K, 99% used [0x00000000e7a00000,0x00000000e817cde0,0x00000000e8180000)
  to   space 10240K, 0% used [0x00000000ed800000,0x00000000ed800000,0x00000000ee200000)
 ParOldGen       total 36352K, used 10990K [0x00000000a5800000, 0x00000000a7b80000, 0x00000000e1d80000)
  object space 36352K, 30% used [0x00000000a5800000,0x00000000a62bba10,0x00000000a7b80000)
 Metaspace       used 35007K, capacity 35304K, committed 35496K, reserved 1079296K
  class space    used 5177K, capacity 5272K, committed 5288K, reserved 1048576K
Event: 7.691 GC heap after
Heap after GC invocations=9 (full 2):
 PSYoungGen      total 102400K, used 0K [0x00000000e1d80000, 0x00000000ee200000, 0x0000000100000000)
  eden space 94720K, 0% used [0x00000000e1d80000,0x00000000e1d80000,0x00000000e7a00000)
  from space 7680K, 0% used [0x00000000e7a00000,0x00000000e7a00000,0x00000000e8180000)
  to   space 10240K, 0% used [0x00000000ed800000,0x00000000ed800000,0x00000000ee200000)
 ParOldGen       total 48640K, used 16110K [0x00000000a5800000, 0x00000000a8780000, 0x00000000e1d80000)
  object space 48640K, 33% used [0x00000000a5800000,0x00000000a67bba20,0x00000000a8780000)
 Metaspace       used 35007K, capacity 35304K, committed 35496K, reserved 1079296K
  class space    used 5177K, capacity 5272K, committed 5288K, reserved 1048576K
}
Event: 33.014 GC heap before
{Heap before GC invocations=10 (full 2):
 PSYoungGen      total 102400K, used 94720K [0x00000000e1d80000, 0x00000000ee200000, 0x0000000100000000)
  eden space 94720K, 100% used [0x00000000e1d80000,0x00000000e7a00000,0x00000000e7a00000)
  from space 7680K, 0% used [0x00000000e7a00000,0x00000000e7a00000,0x00000000e8180000)
  to   space 10240K, 0% used [0x00000000ed800000,0x00000000ed800000,0x00000000ee200000)
 ParOldGen       total 48640K, used 16110K [0x00000000a5800000, 0x00000000a8780000, 0x00000000e1d80000)
  object space 48640K, 33% used [0x00000000a5800000,0x00000000a67bba20,0x00000000a8780000)
 Metaspace       used 44780K, capacity 45180K, committed 45480K, reserved 1087488K
  class space    used 6951K, capacity 7075K, committed 7080K, reserved 1048576K
Event: 33.050 GC heap after
Heap after GC invocations=10 (full 2):
 PSYoungGen      total 187904K, used 10210K [0x00000000e1d80000, 0x00000000ee200000, 0x0000000100000000)
  eden space 177664K, 0% used [0x00000000e1d80000,0x00000000e1d80000,0x00000000ecb00000)
  from space 10240K, 99% used [0x00000000ed800000,0x00000000ee1f8b40,0x00000000ee200000)
  to   space 11776K, 0% used [0x00000000ecb00000,0x00000000ecb00000,0x00000000ed680000)
 ParOldGen       total 48640K, used 16642K [0x00000000a5800000, 0x00000000a8780000, 0x00000000e1d80000)
  object space 48640K, 34% used [0x00000000a5800000,0x00000000a6840ad8,0x00000000a8780000)
 Metaspace       used 44780K, capacity 45180K, committed 45480K, reserved 1087488K
  class space    used 6951K, capacity 7075K, committed 7080K, reserved 1048576K
}
Event: 35.408 GC heap before
{Heap before GC invocations=11 (full 2):
 PSYoungGen      total 187904K, used 187874K [0x00000000e1d80000, 0x00000000ee200000, 0x0000000100000000)
  eden space 177664K, 100% used [0x00000000e1d80000,0x00000000ecb00000,0x00000000ecb00000)
  from space 10240K, 99% used [0x00000000ed800000,0x00000000ee1f8b40,0x00000000ee200000)
  to   space 11776K, 0% used [0x00000000ecb00000,0x00000000ecb00000,0x00000000ed680000)
 ParOldGen       total 48640K, used 16642K [0x00000000a5800000, 0x00000000a8780000, 0x00000000e1d80000)
  object space 48640K, 34% used [0x00000000a5800000,0x00000000a6840ad8,0x00000000a8780000)
 Metaspace       used 58348K, capacity 58830K, committed 59048K, reserved 1097728K
  class space    used 9664K, capacity 9798K, committed 9896K, reserved 1048576K

